[CONFIG] 使用配置文件: /home/trader/polymarket_api/POLYMARKET_MAKER_copytrade_v2/POLYMARKET_MAKER_AUTO/data/run_params_19610288044512445018970900383394598704429716248417831382102395080716996421422.json
[INIT] API 凭证已验证。
[INIT] ClobClient 就绪。
[INFO] 未提供 market_url，尝试通过 token_id 获取市场元数据。
[INFO] 市场/子问题标题: Will Bugonia win Best Picture at the 98th Academy Awards?
[INFO] 使用 token_id: 19610288044512445018970900383394598704429716248417831382102395080716996421422
[INFO] 市场标注时区: America/New_York
[INFO] 市场计划截止时间 (UTC): 2026-03-15T00:00:00+00:00
[WARN] 自动获取的截止日期缺少具体时刻，已按默认配置设置截止时间为 2026-03-15T23:59:00-04:00 (America/New_York)。
[INFO] 监控目标结束时间 (UTC): 2026-03-16T03:59:00+00:00
[INFO] 未能识别市场价格精度，默认按盈利百分比下限 0.300% 执行。
[INIT] 目标 token_id: 19610288044512445018970900383394598704429716248417831382102395080716996421422
[INIT] 已读取手动份数 10.0，模式：总持仓目标。
[INIT] 卖出挂单模式：aggressive
[INIT] 卖出后递增买入阈值已启用，步长 0.0200%。
[INIT] 价格停滞监控窗口 120.0 分钟，阈值 0.0000%。
[INIT] 启动后无行情自动退出阈值 10.0 分钟。
[INIT] 卖出挂单空窗释放阈值 6.0 小时。
[INFO] 倒计时卖出模式将在市场结束前 300 分钟开启。
[WS] 使用共享 WS 模式，缓存路径: /home/trader/polymarket_api/POLYMARKET_MAKER_copytrade_v2/POLYMARKET_MAKER_AUTO/data/ws_cache.json
[RUN] 监听行情中… 输入 stop / exit 可手动停止。
[WAIT] 尚未收到行情，继续等待… | ws=init age=5s
[WAIT] 尚未收到行情，继续等待… | ws=init age=10s
[WAIT] 尚未收到行情，继续等待… | ws=init age=15s
[WAIT] 尚未收到行情，继续等待… | ws=init age=20s
[WAIT] 尚未收到行情，继续等待… | ws=init age=25s
[WAIT] 尚未收到行情，继续等待… | ws=init age=30s
[WAIT] 尚未收到行情，继续等待… | ws=init age=35s
[WAIT] 尚未收到行情，继续等待… | ws=init age=40s
[WAIT] 尚未收到行情，继续等待… | ws=init age=45s
[WAIT] 尚未收到行情，继续等待… | ws=init age=50s
[WAIT] 尚未收到行情，继续等待… | ws=init age=55s
[WAIT] 尚未收到行情，继续等待… | ws=init age=60s
[WAIT] 尚未收到行情，继续等待… | ws=init age=65s
[WAIT] 尚未收到行情，继续等待… | ws=init age=70s
[WAIT] 尚未收到行情，继续等待… | ws=init age=75s
[WAIT] 尚未收到行情，继续等待… | ws=init age=80s
[WAIT] 尚未收到行情，继续等待… | ws=init age=85s
[INFO] 共享WS缓存文件已就绪
[DEBUG] 共享WS: seq=1, ts=1768907101.156, bid=0.006, ask=0.007, price=0.006
[PX] bid=0.0060 ask=0.0070 last=0.0060 | state=FLAT awaiting=None entry=None
    时间窗口: 15.0m | 采样点数: 1
    窗口跌幅: 当前 0.00% / 最大 0.00% / 阈值 0.10%
    窗口价格: 高 0.0065 / 低 0.0065
[PX] bid=0.0060 ask=0.0070 last=0.1720 | state=FLAT awaiting=None entry=None
    时间窗口: 15.0m | 采样点数: 4
    窗口跌幅: 当前 0.00% / 最大 0.00% / 阈值 0.10%
    窗口价格: 高 0.0065 / 低 0.0065
[PX] bid=0.0060 ask=0.0070 last=0.1720 | state=FLAT awaiting=None entry=None
    时间窗口: 15.0m | 采样点数: 4
    窗口跌幅: 当前 0.00% / 最大 0.00% / 阈值 0.10%
    窗口价格: 高 0.0065 / 低 0.0065
[PX] bid=0.0060 ask=0.0070 last=0.1720 | state=FLAT awaiting=None entry=None
    时间窗口: 15.0m | 采样点数: 4
    窗口跌幅: 当前 0.00% / 最大 0.00% / 阈值 0.10%
    窗口价格: 高 0.0065 / 低 0.0065
[PX] bid=0.0060 ask=0.0070 last=0.1720 | state=FLAT awaiting=None entry=None
    时间窗口: 15.0m | 采样点数: 4
    窗口跌幅: 当前 0.00% / 最大 0.00% / 阈值 0.10%
    窗口价格: 高 0.0065 / 低 0.0065
[PX] bid=0.0060 ask=0.0070 last=0.0940 | state=FLAT awaiting=None entry=None
    时间窗口: 15.0m | 采样点数: 6
    窗口跌幅: 当前 0.00% / 最大 0.00% / 阈值 0.10%
    窗口价格: 高 0.0065 / 低 0.0065
[DEBUG] 共享WS: seq=10, ts=1768907428.27, bid=0.006, ask=0.007, price=0.004
[PX] bid=0.0060 ask=0.0070 last=0.1740 | state=FLAT awaiting=None entry=None
    时间窗口: 15.0m | 采样点数: 10
    窗口跌幅: 当前 0.00% / 最大 0.00% / 阈值 0.10%
    窗口价格: 高 0.0065 / 低 0.0065
[PX] bid=0.0060 ask=0.0070 last=0.0040 | state=FLAT awaiting=None entry=None
    时间窗口: 15.0m | 采样点数: 12
    窗口跌幅: 当前 0.00% / 最大 0.00% / 阈值 0.10%
    窗口价格: 高 0.0065 / 低 0.0065
[PX] bid=0.0060 ask=0.0070 last=0.0040 | state=FLAT awaiting=None entry=None
    时间窗口: 15.0m | 采样点数: 12
    窗口跌幅: 当前 0.00% / 最大 0.00% / 阈值 0.10%
    窗口价格: 高 0.0065 / 低 0.0065
[PX] bid=0.0060 ask=0.0070 last=0.0530 | state=FLAT awaiting=None entry=None
    时间窗口: 15.0m | 采样点数: 13
    窗口跌幅: 当前 0.00% / 最大 0.00% / 阈值 0.10%
    窗口价格: 高 0.0065 / 低 0.0065
[PX] bid=0.0060 ask=0.0070 last=0.0530 | state=FLAT awaiting=None entry=None
    时间窗口: 15.0m | 采样点数: 13
    窗口跌幅: 当前 0.00% / 最大 0.00% / 阈值 0.10%
    窗口价格: 高 0.0065 / 低 0.0065
[DEBUG] 共享WS: seq=18, ts=1768907734.683, bid=0.006, ask=0.007, price=0.094
[PX] bid=0.0060 ask=0.0070 last=0.0040 | state=FLAT awaiting=None entry=None
    时间窗口: 15.0m | 采样点数: 16
    窗口跌幅: 当前 0.00% / 最大 0.00% / 阈值 0.10%
    窗口价格: 高 0.0065 / 低 0.0065
[PX] bid=0.0060 ask=0.0070 last=0.7900 | state=FLAT awaiting=None entry=None
    时间窗口: 15.0m | 采样点数: 17
    窗口跌幅: 当前 0.00% / 最大 0.00% / 阈值 0.10%
    窗口价格: 高 0.0065 / 低 0.0065
[PX] bid=0.0060 ask=0.0070 last=0.7900 | state=FLAT awaiting=None entry=None
    时间窗口: 15.0m | 采样点数: 17
    窗口跌幅: 当前 0.00% / 最大 0.00% / 阈值 0.10%
    窗口价格: 高 0.0065 / 低 0.0065
[PX] bid=0.0060 ask=0.0070 last=0.0070 | state=FLAT awaiting=None entry=None
    时间窗口: 15.0m | 采样点数: 20
    窗口跌幅: 当前 0.00% / 最大 0.00% / 阈值 0.10%
    窗口价格: 高 0.0065 / 低 0.0065
[PX] bid=0.0060 ask=0.0070 last=0.0060 | state=FLAT awaiting=None entry=None
    时间窗口: 15.0m | 采样点数: 21
    窗口跌幅: 当前 0.00% / 最大 0.00% / 阈值 0.10%
    窗口价格: 高 0.0065 / 低 0.0065
[DEBUG] 共享WS: seq=32, ts=1768908039.111, bid=0.006, ask=0.007, price=0.004
[PX] bid=0.0060 ask=0.0070 last=0.0040 | state=FLAT awaiting=None entry=None
    时间窗口: 15.0m | 采样点数: 19
    窗口跌幅: 当前 0.00% / 最大 0.00% / 阈值 0.10%
    窗口价格: 高 0.0065 / 低 0.0065
[PX] bid=0.0060 ask=0.0070 last=0.0040 | state=FLAT awaiting=None entry=None
    时间窗口: 15.0m | 采样点数: 19
    窗口跌幅: 当前 0.00% / 最大 0.00% / 阈值 0.10%
    窗口价格: 高 0.0065 / 低 0.0065
[PX] bid=0.0060 ask=0.0070 last=0.0530 | state=FLAT awaiting=None entry=None
    时间窗口: 15.0m | 采样点数: 20
    窗口跌幅: 当前 0.00% / 最大 0.00% / 阈值 0.10%
    窗口价格: 高 0.0065 / 低 0.0065
[PX] bid=0.0060 ask=0.0070 last=0.0040 | state=FLAT awaiting=None entry=None
    时间窗口: 15.0m | 采样点数: 24
    窗口跌幅: 当前 0.00% / 最大 0.00% / 阈值 0.10%
    窗口价格: 高 0.0065 / 低 0.0065
[PX] bid=0.0060 ask=0.0070 last=0.1740 | state=FLAT awaiting=None entry=None
    时间窗口: 15.0m | 采样点数: 23
    窗口跌幅: 当前 0.00% / 最大 0.00% / 阈值 0.10%
    窗口价格: 高 0.0065 / 低 0.0065
[DEBUG] 共享WS: seq=46, ts=1768908344.114, bid=0.006, ask=0.007, price=0.004
[PX] bid=0.0060 ask=0.0070 last=0.0040 | state=FLAT awaiting=None entry=None
    时间窗口: 15.0m | 采样点数: 20
    窗口跌幅: 当前 0.00% / 最大 0.00% / 阈值 0.10%
    窗口价格: 高 0.0065 / 低 0.0065
[PX] bid=0.0060 ask=0.0070 last=0.0530 | state=FLAT awaiting=None entry=None
    时间窗口: 15.0m | 采样点数: 22
    窗口跌幅: 当前 0.00% / 最大 0.00% / 阈值 0.10%
    窗口价格: 高 0.0065 / 低 0.0065
[PX] bid=0.0060 ask=0.0070 last=0.0960 | state=FLAT awaiting=None entry=None
    时间窗口: 15.0m | 采样点数: 21
    窗口跌幅: 当前 0.00% / 最大 0.00% / 阈值 0.10%
    窗口价格: 高 0.0065 / 低 0.0065
[PX] bid=0.0060 ask=0.0070 last=0.0960 | state=FLAT awaiting=None entry=None
    时间窗口: 15.0m | 采样点数: 21
    窗口跌幅: 当前 0.00% / 最大 0.00% / 阈值 0.10%
    窗口价格: 高 0.0065 / 低 0.0065
[PX] bid=0.0060 ask=0.0070 last=0.0330 | state=FLAT awaiting=None entry=None
    时间窗口: 15.0m | 采样点数: 22
    窗口跌幅: 当前 0.00% / 最大 0.00% / 阈值 0.10%
    窗口价格: 高 0.0065 / 低 0.0065
[PX] bid=0.0060 ask=0.0070 last=0.0530 | state=FLAT awaiting=None entry=None
    时间窗口: 15.0m | 采样点数: 23
    窗口跌幅: 当前 0.00% / 最大 0.00% / 阈值 0.10%
    窗口价格: 高 0.0065 / 低 0.0065
[PX] bid=0.0060 ask=0.0070 last=0.0530 | state=FLAT awaiting=None entry=None
    时间窗口: 15.0m | 采样点数: 23
    窗口跌幅: 当前 0.00% / 最大 0.00% / 阈值 0.10%
    窗口价格: 高 0.0065 / 低 0.0065
[PX] bid=0.0060 ask=0.0070 last=0.0530 | state=FLAT awaiting=None entry=None
    时间窗口: 15.0m | 采样点数: 23
    窗口跌幅: 当前 0.00% / 最大 0.00% / 阈值 0.10%
    窗口价格: 高 0.0065 / 低 0.0065
[DEBUG] 共享WS: seq=57, ts=1768908801.795, bid=0.006, ask=0.007, price=0.032
[PX] bid=0.0060 ask=0.0070 last=0.0320 | state=FLAT awaiting=None entry=None
    时间窗口: 15.0m | 采样点数: 19
    窗口跌幅: 当前 0.00% / 最大 0.00% / 阈值 0.10%
    窗口价格: 高 0.0065 / 低 0.0065
[PX] bid=0.0060 ask=0.0070 last=0.0320 | state=FLAT awaiting=None entry=None
    时间窗口: 15.0m | 采样点数: 17
    窗口跌幅: 当前 0.00% / 最大 0.00% / 阈值 0.10%
    窗口价格: 高 0.0065 / 低 0.0065
[PX] bid=0.0060 ask=0.0070 last=0.0320 | state=FLAT awaiting=None entry=None
    时间窗口: 15.0m | 采样点数: 17
    窗口跌幅: 当前 0.00% / 最大 0.00% / 阈值 0.10%
    窗口价格: 高 0.0065 / 低 0.0065
[PX] bid=0.0060 ask=0.0070 last=0.0320 | state=FLAT awaiting=None entry=None
    时间窗口: 15.0m | 采样点数: 18
    窗口跌幅: 当前 0.00% / 最大 0.00% / 阈值 0.10%
    窗口价格: 高 0.0065 / 低 0.0065
[PX] bid=0.0060 ask=0.0070 last=0.0320 | state=FLAT awaiting=None entry=None
    时间窗口: 15.0m | 采样点数: 18
    窗口跌幅: 当前 0.00% / 最大 0.00% / 阈值 0.10%
    窗口价格: 高 0.0065 / 低 0.0065
[DEBUG] 共享WS: seq=63, ts=1768909120.202, bid=0.006, ask=0.007, price=0.174
[PX] bid=0.0060 ask=0.0070 last=0.1740 | state=FLAT awaiting=None entry=None
    时间窗口: 15.0m | 采样点数: 16
    窗口跌幅: 当前 0.00% / 最大 0.00% / 阈值 0.10%
    窗口价格: 高 0.0065 / 低 0.0065
[PX] bid=0.0060 ask=0.0070 last=0.0900 | state=FLAT awaiting=None entry=None
    时间窗口: 15.0m | 采样点数: 16
    窗口跌幅: 当前 0.00% / 最大 0.00% / 阈值 0.10%
    窗口价格: 高 0.0065 / 低 0.0065
[PX] bid=0.0060 ask=0.0070 last=0.0040 | state=FLAT awaiting=None entry=None
    时间窗口: 15.0m | 采样点数: 17
    窗口跌幅: 当前 0.00% / 最大 0.00% / 阈值 0.10%
    窗口价格: 高 0.0065 / 低 0.0065
[PX] bid=0.0060 ask=0.0070 last=0.0040 | state=FLAT awaiting=None entry=None
    时间窗口: 15.0m | 采样点数: 18
    窗口跌幅: 当前 0.00% / 最大 0.00% / 阈值 0.10%
    窗口价格: 高 0.0065 / 低 0.0065
[PX] bid=0.0060 ask=0.0070 last=0.0320 | state=FLAT awaiting=None entry=None
    时间窗口: 15.0m | 采样点数: 16
    窗口跌幅: 当前 0.00% / 最大 0.00% / 阈值 0.10%
    窗口价格: 高 0.0065 / 低 0.0065
[DEBUG] 共享WS: seq=72, ts=1768909423.371, bid=0.006, ask=0.007, price=0.007
[PX] bid=0.0060 ask=0.0070 last=0.0330 | state=FLAT awaiting=None entry=None
    时间窗口: 15.0m | 采样点数: 19
    窗口跌幅: 当前 0.00% / 最大 0.00% / 阈值 0.10%
    窗口价格: 高 0.0065 / 低 0.0065
[PX] bid=0.0060 ask=0.0070 last=0.0530 | state=FLAT awaiting=None entry=None
    时间窗口: 15.0m | 采样点数: 20
    窗口跌幅: 当前 0.00% / 最大 0.00% / 阈值 0.10%
    窗口价格: 高 0.0065 / 低 0.0065
[PX] bid=0.0060 ask=0.0070 last=0.0320 | state=FLAT awaiting=None entry=None
    时间窗口: 15.0m | 采样点数: 20
    窗口跌幅: 当前 0.00% / 最大 0.00% / 阈值 0.10%
    窗口价格: 高 0.0065 / 低 0.0065
[PX] bid=0.0060 ask=0.0070 last=0.0320 | state=FLAT awaiting=None entry=None
    时间窗口: 15.0m | 采样点数: 20
    窗口跌幅: 当前 0.00% / 最大 0.00% / 阈值 0.10%
    窗口价格: 高 0.0065 / 低 0.0065
[PX] bid=0.0060 ask=0.0070 last=0.0320 | state=FLAT awaiting=None entry=None
    时间窗口: 15.0m | 采样点数: 20
    窗口跌幅: 当前 0.00% / 最大 0.00% / 阈值 0.10%
    窗口价格: 高 0.0065 / 低 0.0065
[PX] bid=0.0060 ask=0.0070 last=0.0450 | state=FLAT awaiting=None entry=None
    时间窗口: 15.0m | 采样点数: 22
    窗口跌幅: 当前 0.00% / 最大 0.00% / 阈值 0.10%
    窗口价格: 高 0.0065 / 低 0.0065
[PX] bid=0.0060 ask=0.0070 last=0.0450 | state=FLAT awaiting=None entry=None
    时间窗口: 15.0m | 采样点数: 22
    窗口跌幅: 当前 0.00% / 最大 0.00% / 阈值 0.10%
    窗口价格: 高 0.0065 / 低 0.0065
[PX] bid=0.0060 ask=0.0070 last=0.0450 | state=FLAT awaiting=None entry=None
    时间窗口: 15.0m | 采样点数: 22
    窗口跌幅: 当前 0.00% / 最大 0.00% / 阈值 0.10%
    窗口价格: 高 0.0065 / 低 0.0065
[PX] bid=0.0060 ask=0.0070 last=0.0450 | state=FLAT awaiting=None entry=None
    时间窗口: 15.0m | 采样点数: 22
    窗口跌幅: 当前 0.00% / 最大 0.00% / 阈值 0.10%
    窗口价格: 高 0.0065 / 低 0.0065
[DEBUG] 共享WS: seq=98, ts=1768909934.994, bid=0.006, ask=0.007, price=0.053
[PX] bid=0.0060 ask=0.0070 last=0.0530 | state=FLAT awaiting=None entry=None
    时间窗口: 15.0m | 采样点数: 19
    窗口跌幅: 当前 0.00% / 最大 0.00% / 阈值 0.10%
    窗口价格: 高 0.0065 / 低 0.0065
[PX] bid=0.0060 ask=0.0070 last=0.0070 | state=FLAT awaiting=None entry=None
    时间窗口: 15.0m | 采样点数: 20
    窗口跌幅: 当前 0.00% / 最大 0.00% / 阈值 0.10%
    窗口价格: 高 0.0065 / 低 0.0065
[PX] bid=0.0060 ask=0.0070 last=0.0070 | state=FLAT awaiting=None entry=None
    时间窗口: 15.0m | 采样点数: 20
    窗口跌幅: 当前 0.00% / 最大 0.00% / 阈值 0.10%
    窗口价格: 高 0.0065 / 低 0.0065
[PX] bid=0.0060 ask=0.0070 last=0.0070 | state=FLAT awaiting=None entry=None
    时间窗口: 15.0m | 采样点数: 20
    窗口跌幅: 当前 0.00% / 最大 0.00% / 阈值 0.10%
    窗口价格: 高 0.0065 / 低 0.0065
[PX] bid=0.0060 ask=0.0070 last=0.0330 | state=FLAT awaiting=None entry=None
    时间窗口: 15.0m | 采样点数: 16
    窗口跌幅: 当前 0.00% / 最大 0.00% / 阈值 0.10%
    窗口价格: 高 0.0065 / 低 0.0065
[PX] bid=0.0060 ask=0.0070 last=0.0330 | state=FLAT awaiting=None entry=None
    时间窗口: 15.0m | 采样点数: 16
    窗口跌幅: 当前 0.00% / 最大 0.00% / 阈值 0.10%
    窗口价格: 高 0.0065 / 低 0.0065
[DEBUG] 共享WS: seq=105, ts=1768910297.503, bid=0.006, ask=0.007, price=0.033
[PX] bid=0.0060 ask=0.0070 last=0.0060 | state=FLAT awaiting=None entry=None
    时间窗口: 15.0m | 采样点数: 16
    窗口跌幅: 当前 0.00% / 最大 0.00% / 阈值 0.10%
    窗口价格: 高 0.0065 / 低 0.0065
[PX] bid=0.0060 ask=0.0070 last=0.7900 | state=FLAT awaiting=None entry=None
    时间窗口: 15.0m | 采样点数: 19
    窗口跌幅: 当前 0.00% / 最大 0.00% / 阈值 0.10%
    窗口价格: 高 0.0065 / 低 0.0065
[PX] bid=0.0060 ask=0.0070 last=0.0320 | state=FLAT awaiting=None entry=None
    时间窗口: 15.0m | 采样点数: 19
    窗口跌幅: 当前 0.00% / 最大 0.00% / 阈值 0.10%
    窗口价格: 高 0.0065 / 低 0.0065
[PX] bid=0.0060 ask=0.0070 last=0.0320 | state=FLAT awaiting=None entry=None
    时间窗口: 15.0m | 采样点数: 19
    窗口跌幅: 当前 0.00% / 最大 0.00% / 阈值 0.10%
    窗口价格: 高 0.0065 / 低 0.0065
[PX] bid=0.0060 ask=0.0070 last=0.0320 | state=FLAT awaiting=None entry=None
    时间窗口: 15.0m | 采样点数: 19
    窗口跌幅: 当前 0.00% / 最大 0.00% / 阈值 0.10%
    窗口价格: 高 0.0065 / 低 0.0065
[DEBUG] 共享WS: seq=121, ts=1768910650.106, bid=0.006, ask=0.007, price=0.064
[PX] bid=0.0060 ask=0.0070 last=0.0640 | state=FLAT awaiting=None entry=None
    时间窗口: 15.0m | 采样点数: 15
    窗口跌幅: 当前 0.00% / 最大 0.00% / 阈值 0.10%
    窗口价格: 高 0.0065 / 低 0.0065
[PX] bid=0.0060 ask=0.0070 last=0.0530 | state=FLAT awaiting=None entry=None
    时间窗口: 15.0m | 采样点数: 16
    窗口跌幅: 当前 0.00% / 最大 0.00% / 阈值 0.10%
    窗口价格: 高 0.0065 / 低 0.0065
[PX] bid=0.0060 ask=0.0070 last=0.0530 | state=FLAT awaiting=None entry=None
    时间窗口: 15.0m | 采样点数: 16
    窗口跌幅: 当前 0.00% / 最大 0.00% / 阈值 0.10%
    窗口价格: 高 0.0065 / 低 0.0065
[PX] bid=0.0060 ask=0.0070 last=0.1740 | state=FLAT awaiting=None entry=None
    时间窗口: 15.0m | 采样点数: 17
    窗口跌幅: 当前 0.00% / 最大 0.00% / 阈值 0.10%
    窗口价格: 高 0.0065 / 低 0.0065
[PX] bid=0.0060 ask=0.0070 last=0.1740 | state=FLAT awaiting=None entry=None
    时间窗口: 15.0m | 采样点数: 17
    窗口跌幅: 当前 0.00% / 最大 0.00% / 阈值 0.10%
    窗口价格: 高 0.0065 / 低 0.0065
[PX] bid=0.0060 ask=0.0070 last=0.0530 | state=FLAT awaiting=None entry=None
    时间窗口: 15.0m | 采样点数: 17
    窗口跌幅: 当前 0.00% / 最大 0.00% / 阈值 0.10%
    窗口价格: 高 0.0065 / 低 0.0065
[PX] bid=0.0060 ask=0.0070 last=0.0530 | state=FLAT awaiting=None entry=None
    时间窗口: 15.0m | 采样点数: 17
    窗口跌幅: 当前 0.00% / 最大 0.00% / 阈值 0.10%
    窗口价格: 高 0.0065 / 低 0.0065
[PX] bid=0.0060 ask=0.0070 last=0.0530 | state=FLAT awaiting=None entry=None
    时间窗口: 15.0m | 采样点数: 17
    窗口跌幅: 当前 0.00% / 最大 0.00% / 阈值 0.10%
    窗口价格: 高 0.0065 / 低 0.0065
[PX] bid=0.0060 ask=0.0070 last=0.0530 | state=FLAT awaiting=None entry=None
    时间窗口: 15.0m | 采样点数: 17
    窗口跌幅: 当前 0.00% / 最大 0.00% / 阈值 0.10%
    窗口价格: 高 0.0065 / 低 0.0065
[DEBUG] 共享WS: seq=135, ts=1768911154.807, bid=0.006, ask=0.007, price=0.053
[PX] bid=0.0060 ask=0.0070 last=0.0530 | state=FLAT awaiting=None entry=None
    时间窗口: 15.0m | 采样点数: 14
    窗口跌幅: 当前 0.00% / 最大 0.00% / 阈值 0.10%
    窗口价格: 高 0.0065 / 低 0.0065
[PX] bid=0.0060 ask=0.0070 last=0.0530 | state=FLAT awaiting=None entry=None
