[CONFIG] 使用配置文件: /home/trader/polymarket_api/POLYMARKET_MAKER_copytrade_v2/POLYMARKET_MAKER_AUTO/data/run_params_11132544244839265378732084165256379227175677028258955804895976429843086532411.json
[INIT] API 凭证已验证。
[INIT] ClobClient 就绪。
[INFO] 未提供 market_url，尝试通过 token_id 获取市场元数据。
[INFO] 市场/子问题标题: Will Russia capture Kostyantynivka by January 31?
[INFO] 使用 token_id: 11132544244839265378732084165256379227175677028258955804895976429843086532411
[INFO] 市场标注时区: America/New_York
[INFO] 市场计划截止时间 (UTC): 2026-03-31T12:00:00+00:00
[INFO] 监控目标结束时间 (UTC): 2026-03-31T12:00:00+00:00
[INFO] 未能识别市场价格精度，默认按盈利百分比下限 0.300% 执行。
[INIT] 目标 token_id: 11132544244839265378732084165256379227175677028258955804895976429843086532411
[INIT] 已读取手动份数 10.0，模式：总持仓目标。
[INIT] 卖出挂单模式：aggressive
[INIT] 卖出后递增买入阈值已启用，步长 0.0200%。
[INIT] 价格停滞监控窗口 120.0 分钟，阈值 0.0000%。
[INIT] 启动后无行情自动退出阈值 10.0 分钟。
[INIT] 卖出挂单空窗释放阈值 6.0 小时。
[INFO] 倒计时卖出模式将在市场结束前 300 分钟开启。
[WS] 使用共享 WS 模式，缓存路径: /home/trader/polymarket_api/POLYMARKET_MAKER_copytrade_v2/POLYMARKET_MAKER_AUTO/data/ws_cache.json
[RUN] 监听行情中… 输入 stop / exit 可手动停止。
[WAIT] 尚未收到行情，继续等待… | ws=init age=5s
[WAIT] 尚未收到行情，继续等待… | ws=init age=10s
[WAIT] 尚未收到行情，继续等待… | ws=init age=15s
[WAIT] 尚未收到行情，继续等待… | ws=init age=20s
[WAIT] 尚未收到行情，继续等待… | ws=init age=25s
[WAIT] 尚未收到行情，继续等待… | ws=init age=30s
[WAIT] 尚未收到行情，继续等待… | ws=init age=35s
[WAIT] 尚未收到行情，继续等待… | ws=init age=40s
[WAIT] 尚未收到行情，继续等待… | ws=init age=45s
[WAIT] 尚未收到行情，继续等待… | ws=init age=50s
[INFO] 共享WS缓存文件已就绪
[DEBUG] 共享WS: seq=1, ts=1768910846.817, bid=0.9, ask=0.91, price=0.91
[PX] bid=0.9000 ask=0.9100 last=0.9100 | state=FLAT awaiting=None entry=None
    时间窗口: 15.0m | 采样点数: 1
    窗口跌幅: 当前 0.00% / 最大 0.00% / 阈值 0.10%
    窗口价格: 高 0.9050 / 低 0.9050
[PX] bid=0.9000 ask=0.9100 last=0.9200 | state=FLAT awaiting=None entry=None
    时间窗口: 15.0m | 采样点数: 4
    窗口跌幅: 当前 0.00% / 最大 0.00% / 阈值 0.10%
    窗口价格: 高 0.9050 / 低 0.9050
[PX] bid=0.9000 ask=0.9100 last=0.9300 | state=FLAT awaiting=None entry=None
    时间窗口: 15.0m | 采样点数: 8
    窗口跌幅: 当前 0.00% / 最大 0.00% / 阈值 0.10%
    窗口价格: 高 0.9050 / 低 0.9050
[PX] bid=0.9000 ask=0.9100 last=0.9100 | state=FLAT awaiting=None entry=None
    时间窗口: 15.0m | 采样点数: 10
    窗口跌幅: 当前 0.00% / 最大 0.00% / 阈值 0.10%
    窗口价格: 高 0.9050 / 低 0.9050
[PX] bid=0.9000 ask=0.9100 last=0.9000 | state=FLAT awaiting=None entry=None
    时间窗口: 15.0m | 采样点数: 14
    窗口跌幅: 当前 0.00% / 最大 0.00% / 阈值 0.10%
    窗口价格: 高 0.9050 / 低 0.9050
[PX] bid=0.9000 ask=0.9100 last=0.2400 | state=FLAT awaiting=None entry=None
    时间窗口: 15.0m | 采样点数: 16
    窗口跌幅: 当前 0.00% / 最大 0.00% / 阈值 0.10%
    窗口价格: 高 0.9050 / 低 0.9050
[DEBUG] 共享WS: seq=23, ts=1768911155.81, bid=0.9, ask=0.91, price=0.25
[PX] bid=0.9000 ask=0.9100 last=0.2500 | state=FLAT awaiting=None entry=None
    时间窗口: 15.0m | 采样点数: 18
    窗口跌幅: 当前 0.00% / 最大 0.00% / 阈值 0.10%
    窗口价格: 高 0.9050 / 低 0.9050
[PX] bid=0.9000 ask=0.9100 last=0.2400 | state=FLAT awaiting=None entry=None
    时间窗口: 15.0m | 采样点数: 19
    窗口跌幅: 当前 0.00% / 最大 0.00% / 阈值 0.10%
    窗口价格: 高 0.9050 / 低 0.9050
[PX] bid=0.9000 ask=0.9100 last=0.9000 | state=FLAT awaiting=None entry=None
    时间窗口: 15.0m | 采样点数: 23
    窗口跌幅: 当前 0.00% / 最大 0.00% / 阈值 0.10%
    窗口价格: 高 0.9050 / 低 0.9050
[PX] bid=0.9000 ask=0.9100 last=0.2500 | state=FLAT awaiting=None entry=None
    时间窗口: 15.0m | 采样点数: 26
    窗口跌幅: 当前 0.00% / 最大 0.00% / 阈值 0.10%
    窗口价格: 高 0.9050 / 低 0.9050
[PX] bid=0.9000 ask=0.9100 last=0.3500 | state=FLAT awaiting=None entry=None
    时间窗口: 15.0m | 采样点数: 29
    窗口跌幅: 当前 0.00% / 最大 0.00% / 阈值 0.10%
    窗口价格: 高 0.9050 / 低 0.9050
[DEBUG] 共享WS: seq=55, ts=1768911483.676, bid=0.9, ask=0.91, price=0.99
[PX] bid=0.9000 ask=0.9100 last=0.9900 | state=FLAT awaiting=None entry=None
    时间窗口: 15.0m | 采样点数: 31
    窗口跌幅: 当前 0.00% / 最大 0.00% / 阈值 0.10%
    窗口价格: 高 0.9050 / 低 0.9050
[PX] bid=0.9000 ask=0.9100 last=0.9000 | state=FLAT awaiting=None entry=None
    时间窗口: 15.0m | 采样点数: 33
    窗口跌幅: 当前 0.00% / 最大 0.00% / 阈值 0.10%
    窗口价格: 高 0.9050 / 低 0.9050
[PX] bid=0.9000 ask=0.9100 last=0.2400 | state=FLAT awaiting=None entry=None
    时间窗口: 15.0m | 采样点数: 36
    窗口跌幅: 当前 0.00% / 最大 0.00% / 阈值 0.10%
    窗口价格: 高 0.9050 / 低 0.9050
[PX] bid=0.9000 ask=0.9100 last=0.9000 | state=FLAT awaiting=None entry=None
    时间窗口: 15.0m | 采样点数: 38
    窗口跌幅: 当前 0.00% / 最大 0.00% / 阈值 0.10%
    窗口价格: 高 0.9050 / 低 0.9050
[PX] bid=0.9000 ask=0.9100 last=0.3400 | state=FLAT awaiting=None entry=None
    时间窗口: 15.0m | 采样点数: 42
    窗口跌幅: 当前 0.00% / 最大 0.00% / 阈值 0.10%
    窗口价格: 高 0.9050 / 低 0.9050
[DEBUG] 共享WS: seq=92, ts=1768911788.651, bid=0.9, ask=0.91, price=0.89
[PX] bid=0.9000 ask=0.9100 last=0.8900 | state=FLAT awaiting=None entry=None
    时间窗口: 15.0m | 采样点数: 39
    窗口跌幅: 当前 0.00% / 最大 0.00% / 阈值 0.10%
    窗口价格: 高 0.9050 / 低 0.9050
[PX] bid=0.9000 ask=0.9100 last=0.9400 | state=FLAT awaiting=None entry=None
    时间窗口: 15.0m | 采样点数: 39
    窗口跌幅: 当前 0.00% / 最大 0.00% / 阈值 0.10%
    窗口价格: 高 0.9050 / 低 0.9050
[PX] bid=0.9000 ask=0.9100 last=0.9000 | state=FLAT awaiting=None entry=None
    时间窗口: 15.0m | 采样点数: 38
    窗口跌幅: 当前 0.00% / 最大 0.00% / 阈值 0.10%
    窗口价格: 高 0.9050 / 低 0.9050
[PX] bid=0.9000 ask=0.9100 last=0.2400 | state=FLAT awaiting=None entry=None
    时间窗口: 15.0m | 采样点数: 36
    窗口跌幅: 当前 0.00% / 最大 0.00% / 阈值 0.10%
    窗口价格: 高 0.9050 / 低 0.9050
[PX] bid=0.9000 ask=0.9100 last=0.1300 | state=FLAT awaiting=None entry=None
    时间窗口: 15.0m | 采样点数: 37
    窗口跌幅: 当前 0.00% / 最大 0.00% / 阈值 0.10%
    窗口价格: 高 0.9050 / 低 0.9050
[PX] bid=0.9000 ask=0.9100 last=0.2400 | state=FLAT awaiting=None entry=None
    时间窗口: 15.0m | 采样点数: 37
    窗口跌幅: 当前 0.00% / 最大 0.00% / 阈值 0.10%
    窗口价格: 高 0.9050 / 低 0.9050
[DEBUG] 共享WS: seq=107, ts=1768912113.685, bid=0.9, ask=0.91, price=0.9
[PX] bid=0.9000 ask=0.9100 last=0.1100 | state=FLAT awaiting=None entry=None
    时间窗口: 15.0m | 采样点数: 40
    窗口跌幅: 当前 0.00% / 最大 0.00% / 阈值 0.10%
    窗口价格: 高 0.9050 / 低 0.9050
[PX] bid=0.9000 ask=0.9100 last=0.2500 | state=FLAT awaiting=None entry=None
    时间窗口: 15.0m | 采样点数: 40
    窗口跌幅: 当前 0.00% / 最大 0.00% / 阈值 0.10%
    窗口价格: 高 0.9050 / 低 0.9050
[PX] bid=0.9000 ask=0.9100 last=0.2500 | state=FLAT awaiting=None entry=None
    时间窗口: 15.0m | 采样点数: 38
    窗口跌幅: 当前 0.00% / 最大 0.00% / 阈值 0.10%
    窗口价格: 高 0.9050 / 低 0.9050
[PX] bid=0.9000 ask=0.9100 last=0.2400 | state=FLAT awaiting=None entry=None
    时间窗口: 15.0m | 采样点数: 38
    窗口跌幅: 当前 0.00% / 最大 0.00% / 阈值 0.10%
    窗口价格: 高 0.9050 / 低 0.9050
[PX] bid=0.9000 ask=0.9100 last=0.2400 | state=FLAT awaiting=None entry=None
    时间窗口: 15.0m | 采样点数: 38
    窗口跌幅: 当前 0.00% / 最大 0.00% / 阈值 0.10%
    窗口价格: 高 0.9050 / 低 0.9050
[PX] bid=0.9000 ask=0.9100 last=0.2400 | state=FLAT awaiting=None entry=None
    时间窗口: 15.0m | 采样点数: 38
    窗口跌幅: 当前 0.00% / 最大 0.00% / 阈值 0.10%
    窗口价格: 高 0.9050 / 低 0.9050
[DEBUG] 共享WS: seq=118, ts=1768912480.318, bid=0.9, ask=0.91, price=0.91
[PX] bid=0.9000 ask=0.9100 last=0.9300 | state=FLAT awaiting=None entry=None
    时间窗口: 15.0m | 采样点数: 31
    窗口跌幅: 当前 0.00% / 最大 0.00% / 阈值 0.10%
    窗口价格: 高 0.9050 / 低 0.9050
[PX] bid=0.9000 ask=0.9100 last=0.2500 | state=FLAT awaiting=None entry=None
    时间窗口: 15.0m | 采样点数: 32
    窗口跌幅: 当前 0.00% / 最大 0.00% / 阈值 0.10%
    窗口价格: 高 0.9050 / 低 0.9050
[PX] bid=0.9000 ask=0.9100 last=0.2400 | state=FLAT awaiting=None entry=None
    时间窗口: 15.0m | 采样点数: 31
    窗口跌幅: 当前 0.00% / 最大 0.00% / 阈值 0.10%
    窗口价格: 高 0.9050 / 低 0.9050
[PX] bid=0.9000 ask=0.9100 last=0.2400 | state=FLAT awaiting=None entry=None
    时间窗口: 15.0m | 采样点数: 31
    窗口跌幅: 当前 0.00% / 最大 0.00% / 阈值 0.10%
    窗口价格: 高 0.9050 / 低 0.9050
[PX] bid=0.9000 ask=0.9100 last=0.9000 | state=FLAT awaiting=None entry=None
    时间窗口: 15.0m | 采样点数: 31
    窗口跌幅: 当前 0.00% / 最大 0.00% / 阈值 0.10%
    窗口价格: 高 0.9050 / 低 0.9050
[DEBUG] 共享WS: seq=131, ts=1768912786.402, bid=0.9, ask=0.91, price=0.9
[PX] bid=0.9000 ask=0.9100 last=0.9000 | state=FLAT awaiting=None entry=None
    时间窗口: 15.0m | 采样点数: 30
    窗口跌幅: 当前 0.00% / 最大 0.00% / 阈值 0.10%
    窗口价格: 高 0.9050 / 低 0.9050
[PX] bid=0.9000 ask=0.9100 last=0.9000 | state=FLAT awaiting=None entry=None
    时间窗口: 15.0m | 采样点数: 30
    窗口跌幅: 当前 0.00% / 最大 0.00% / 阈值 0.10%
    窗口价格: 高 0.9050 / 低 0.9050
[PX] bid=0.9000 ask=0.9100 last=0.2400 | state=FLAT awaiting=None entry=None
    时间窗口: 15.0m | 采样点数: 28
    窗口跌幅: 当前 0.00% / 最大 0.00% / 阈值 0.10%
    窗口价格: 高 0.9050 / 低 0.9050
[PX] bid=0.9000 ask=0.9100 last=0.2400 | state=FLAT awaiting=None entry=None
    时间窗口: 15.0m | 采样点数: 28
    窗口跌幅: 当前 0.00% / 最大 0.00% / 阈值 0.10%
    窗口价格: 高 0.9050 / 低 0.9050
[PX] bid=0.9000 ask=0.9100 last=0.6600 | state=FLAT awaiting=None entry=None
    时间窗口: 15.0m | 采样点数: 24
    窗口跌幅: 当前 0.00% / 最大 0.00% / 阈值 0.10%
    窗口价格: 高 0.9050 / 低 0.9050
[DEBUG] 共享WS: seq=137, ts=1768913107.575, bid=0.9, ask=0.91, price=0.9
[PX] bid=0.9000 ask=0.9100 last=0.2500 | state=FLAT awaiting=None entry=None
    时间窗口: 15.0m | 采样点数: 24
    窗口跌幅: 当前 0.00% / 最大 0.00% / 阈值 0.10%
    窗口价格: 高 0.9050 / 低 0.9050
[PX] bid=0.9000 ask=0.9100 last=0.9100 | state=FLAT awaiting=None entry=None
    时间窗口: 15.0m | 采样点数: 24
    窗口跌幅: 当前 0.00% / 最大 0.00% / 阈值 0.10%
    窗口价格: 高 0.9050 / 低 0.9050
[PX] bid=0.9000 ask=0.9100 last=0.9900 | state=FLAT awaiting=None entry=None
    时间窗口: 15.0m | 采样点数: 26
    窗口跌幅: 当前 0.00% / 最大 0.00% / 阈值 0.10%
    窗口价格: 高 0.9050 / 低 0.9050
[PX] bid=0.9000 ask=0.9100 last=0.8900 | state=FLAT awaiting=None entry=None
    时间窗口: 15.0m | 采样点数: 28
    窗口跌幅: 当前 0.00% / 最大 0.00% / 阈值 0.10%
    窗口价格: 高 0.9050 / 低 0.9050
[PX] bid=0.9000 ask=0.9100 last=0.9400 | state=FLAT awaiting=None entry=None
    时间窗口: 15.0m | 采样点数: 33
    窗口跌幅: 当前 0.00% / 最大 0.00% / 阈值 0.10%
    窗口价格: 高 0.9050 / 低 0.9050
[PX] bid=0.9000 ask=0.9100 last=0.2200 | state=FLAT awaiting=None entry=None
    时间窗口: 15.0m | 采样点数: 35
    窗口跌幅: 当前 0.00% / 最大 0.00% / 阈值 0.10%
    窗口价格: 高 0.9050 / 低 0.9050
[DEBUG] 共享WS: seq=161, ts=1768913451.59, bid=0.9, ask=0.91, price=0.9
[PX] bid=0.9000 ask=0.9100 last=0.2400 | state=FLAT awaiting=None entry=None
    时间窗口: 15.0m | 采样点数: 33
    窗口跌幅: 当前 0.00% / 最大 0.00% / 阈值 0.10%
    窗口价格: 高 0.9050 / 低 0.9050
[PX] bid=0.9000 ask=0.9100 last=0.2400 | state=FLAT awaiting=None entry=None
    时间窗口: 15.0m | 采样点数: 35
    窗口跌幅: 当前 0.00% / 最大 0.00% / 阈值 0.10%
    窗口价格: 高 0.9050 / 低 0.9050
[PX] bid=0.9000 ask=0.9100 last=0.9000 | state=FLAT awaiting=None entry=None
    时间窗口: 15.0m | 采样点数: 33
    窗口跌幅: 当前 0.00% / 最大 0.00% / 阈值 0.10%
    窗口价格: 高 0.9050 / 低 0.9050
[PX] bid=0.9000 ask=0.9100 last=0.6600 | state=FLAT awaiting=None entry=None
    时间窗口: 15.0m | 采样点数: 31
    窗口跌幅: 当前 0.00% / 最大 0.00% / 阈值 0.10%
    窗口价格: 高 0.9050 / 低 0.9050
[PX] bid=0.9000 ask=0.9100 last=0.1600 | state=FLAT awaiting=None entry=None
    时间窗口: 15.0m | 采样点数: 33
    窗口跌幅: 当前 0.00% / 最大 0.00% / 阈值 0.10%
    窗口价格: 高 0.9050 / 低 0.9050
[DEBUG] 共享WS: seq=172, ts=1768913754.014, bid=0.9, ask=0.91, price=0.03
[PX] bid=0.9000 ask=0.9100 last=0.2500 | state=FLAT awaiting=None entry=None
    时间窗口: 15.0m | 采样点数: 35
    窗口跌幅: 当前 0.00% / 最大 0.00% / 阈值 0.10%
    窗口价格: 高 0.9050 / 低 0.9050
[PX] bid=0.9000 ask=0.9100 last=0.1700 | state=FLAT awaiting=None entry=None
    时间窗口: 15.0m | 采样点数: 35
    窗口跌幅: 当前 0.00% / 最大 0.00% / 阈值 0.10%
    窗口价格: 高 0.9050 / 低 0.9050
[PX] bid=0.9000 ask=0.9100 last=0.1400 | state=FLAT awaiting=None entry=None
    时间窗口: 15.0m | 采样点数: 36
    窗口跌幅: 当前 0.00% / 最大 0.00% / 阈值 0.10%
    窗口价格: 高 0.9050 / 低 0.9050
[PX] bid=0.9000 ask=0.9100 last=0.0400 | state=FLAT awaiting=None entry=None
    时间窗口: 15.0m | 采样点数: 37
    窗口跌幅: 当前 0.00% / 最大 0.00% / 阈值 0.10%
    窗口价格: 高 0.9050 / 低 0.9050
[PX] bid=0.9000 ask=0.9100 last=0.1400 | state=FLAT awaiting=None entry=None
    时间窗口: 15.0m | 采样点数: 36
    窗口跌幅: 当前 0.00% / 最大 0.00% / 阈值 0.10%
    窗口价格: 高 0.9050 / 低 0.9050
[PX] bid=0.9000 ask=0.9100 last=0.1400 | state=FLAT awaiting=None entry=None
    时间窗口: 15.0m | 采样点数: 36
    窗口跌幅: 当前 0.00% / 最大 0.00% / 阈值 0.10%
    窗口价格: 高 0.9050 / 低 0.9050
[PX] bid=0.9000 ask=0.9100 last=0.1400 | state=FLAT awaiting=None entry=None
    时间窗口: 15.0m | 采样点数: 36
    窗口跌幅: 当前 0.00% / 最大 0.00% / 阈值 0.10%
    窗口价格: 高 0.9050 / 低 0.9050
[DEBUG] 共享WS: seq=188, ts=1768914213.114, bid=0.9, ask=0.91, price=0.9
[PX] bid=0.9000 ask=0.9100 last=0.9000 | state=FLAT awaiting=None entry=None
    时间窗口: 15.0m | 采样点数: 30
    窗口跌幅: 当前 0.00% / 最大 0.00% / 阈值 0.10%
    窗口价格: 高 0.9050 / 低 0.9050
[PX] bid=0.9000 ask=0.9100 last=0.9100 | state=FLAT awaiting=None entry=None
    时间窗口: 15.0m | 采样点数: 31
    窗口跌幅: 当前 0.00% / 最大 0.00% / 阈值 0.10%
    窗口价格: 高 0.9050 / 低 0.9050
[PX] bid=0.9000 ask=0.9100 last=0.9000 | state=FLAT awaiting=None entry=None
    时间窗口: 15.0m | 采样点数: 28
    窗口跌幅: 当前 0.00% / 最大 0.00% / 阈值 0.10%
    窗口价格: 高 0.9050 / 低 0.9050
[PX] bid=0.9000 ask=0.9100 last=0.9300 | state=FLAT awaiting=None entry=None
    时间窗口: 15.0m | 采样点数: 25
    窗口跌幅: 当前 0.00% / 最大 0.00% / 阈值 0.10%
    窗口价格: 高 0.9050 / 低 0.9050
[PX] bid=0.9000 ask=0.9100 last=0.9500 | state=FLAT awaiting=None entry=None
    时间窗口: 15.0m | 采样点数: 25
    窗口跌幅: 当前 0.00% / 最大 0.00% / 阈值 0.10%
    窗口价格: 高 0.9050 / 低 0.9050
[PX] bid=0.9000 ask=0.9100 last=0.9500 | state=FLAT awaiting=None entry=None
    时间窗口: 15.0m | 采样点数: 25
    窗口跌幅: 当前 0.00% / 最大 0.00% / 阈值 0.10%
    窗口价格: 高 0.9050 / 低 0.9050
[DEBUG] 共享WS: seq=202, ts=1768914549.162, bid=0.9, ask=0.91, price=0.93
[PX] bid=0.9000 ask=0.9100 last=0.9300 | state=FLAT awaiting=None entry=None
    时间窗口: 15.0m | 采样点数: 25
    窗口跌幅: 当前 0.00% / 最大 0.00% / 阈值 0.10%
    窗口价格: 高 0.9050 / 低 0.9050
[PX] bid=0.9000 ask=0.9100 last=0.9000 | state=FLAT awaiting=None entry=None
    时间窗口: 15.0m | 采样点数: 23
    窗口跌幅: 当前 0.00% / 最大 0.00% / 阈值 0.10%
    窗口价格: 高 0.9050 / 低 0.9050
[PX] bid=0.9000 ask=0.9100 last=0.9000 | state=FLAT awaiting=None entry=None
    时间窗口: 15.0m | 采样点数: 23
    窗口跌幅: 当前 0.00% / 最大 0.00% / 阈值 0.10%
    窗口价格: 高 0.9050 / 低 0.9050
[PX] bid=0.9000 ask=0.9100 last=0.9000 | state=FLAT awaiting=None entry=None
    时间窗口: 15.0m | 采样点数: 23
    窗口跌幅: 当前 0.00% / 最大 0.00% / 阈值 0.10%
    窗口价格: 高 0.9050 / 低 0.9050
[PX] bid=0.9000 ask=0.9100 last=0.0900 | state=FLAT awaiting=None entry=None
    时间窗口: 15.0m | 采样点数: 20
    窗口跌幅: 当前 0.00% / 最大 0.00% / 阈值 0.10%
    窗口价格: 高 0.9050 / 低 0.9050
[DEBUG] 共享WS: seq=215, ts=1768914877.612, bid=0.9, ask=0.91, price=0.9
[PX] bid=0.9000 ask=0.9100 last=0.9000 | state=FLAT awaiting=None entry=None
    时间窗口: 15.0m | 采样点数: 18
    窗口跌幅: 当前 0.00% / 最大 0.00% / 阈值 0.10%
    窗口价格: 高 0.9050 / 低 0.9050
[PX] bid=0.9000 ask=0.9100 last=0.2500 | state=FLAT awaiting=None entry=None
    时间窗口: 15.0m | 采样点数: 18
    窗口跌幅: 当前 0.00% / 最大 0.00% / 阈值 0.10%
    窗口价格: 高 0.9050 / 低 0.9050
[PX] bid=0.9000 ask=0.9100 last=0.2500 | state=FLAT awaiting=None entry=None
    时间窗口: 15.0m | 采样点数: 18
    窗口跌幅: 当前 0.00% / 最大 0.00% / 阈值 0.10%
    窗口价格: 高 0.9050 / 低 0.9050
[PX] bid=0.9000 ask=0.9100 last=0.2500 | state=FLAT awaiting=None entry=None
    时间窗口: 15.0m | 采样点数: 18
    窗口跌幅: 当前 0.00% / 最大 0.00% / 阈值 0.10%
    窗口价格: 高 0.9050 / 低 0.9050
[PX] bid=0.9000 ask=0.9100 last=0.9000 | state=FLAT awaiting=None entry=None
    时间窗口: 15.0m | 采样点数: 19
    窗口跌幅: 当前 0.00% / 最大 0.00% / 阈值 0.10%
    窗口价格: 高 0.9050 / 低 0.9050
[PX] bid=0.9000 ask=0.9100 last=0.6600 | state=FLAT awaiting=None entry=None
    时间窗口: 15.0m | 采样点数: 18
    窗口跌幅: 当前 0.00% / 最大 0.00% / 阈值 0.10%
    窗口价格: 高 0.9050 / 低 0.9050
[DEBUG] 共享WS: seq=225, ts=1768915202.368, bid=0.9, ask=0.91, price=0.14
[PX] bid=0.9000 ask=0.9100 last=0.2200 | state=FLAT awaiting=None entry=None
    时间窗口: 15.0m | 采样点数: 18
    窗口跌幅: 当前 0.00% / 最大 0.00% / 阈值 0.10%
    窗口价格: 高 0.9050 / 低 0.9050
[PX] bid=0.9000 ask=0.9100 last=0.1100 | state=FLAT awaiting=None entry=None
    时间窗口: 15.0m | 采样点数: 21
    窗口跌幅: 当前 0.00% / 最大 0.00% / 阈值 0.10%
    窗口价格: 高 0.9050 / 低 0.9050
[PX] bid=0.9000 ask=0.9100 last=0.3300 | state=FLAT awaiting=None entry=None
    时间窗口: 15.0m | 采样点数: 22
    窗口跌幅: 当前 0.00% / 最大 0.00% / 阈值 0.10%
    窗口价格: 高 0.9050 / 低 0.9050
[PX] bid=0.9000 ask=0.9100 last=0.2400 | state=FLAT awaiting=None entry=None
    时间窗口: 15.0m | 采样点数: 25
    窗口跌幅: 当前 0.00% / 最大 0.00% / 阈值 0.10%
    窗口价格: 高 0.9050 / 低 0.9050
[PX] bid=0.9000 ask=0.9100 last=0.2200 | state=FLAT awaiting=None entry=None
    时间窗口: 15.0m | 采样点数: 25
    窗口跌幅: 当前 0.00% / 最大 0.00% / 阈值 0.10%
    窗口价格: 高 0.9050 / 低 0.9050
[PX] bid=0.9000 ask=0.9100 last=0.2500 | state=FLAT awaiting=None entry=None
    时间窗口: 15.0m | 采样点数: 26
    窗口跌幅: 当前 0.00% / 最大 0.00% / 阈值 0.10%
    窗口价格: 高 0.9050 / 低 0.9050
[DEBUG] 共享WS: seq=244, ts=1768915585.81, bid=0.9, ask=0.91, price=0.9
[PX] bid=0.9000 ask=0.9100 last=0.9000 | state=FLAT awaiting=None entry=None
    时间窗口: 15.0m | 采样点数: 26
    窗口跌幅: 当前 0.00% / 最大 0.00% / 阈值 0.10%
    窗口价格: 高 0.9050 / 低 0.9050
[PX] bid=0.9000 ask=0.9100 last=0.2500 | state=FLAT awaiting=None entry=None
    时间窗口: 15.0m | 采样点数: 27
    窗口跌幅: 当前 0.00% / 最大 0.00% / 阈值 0.10%
    窗口价格: 高 0.9050 / 低 0.9050
[PX] bid=0.9000 ask=0.9100 last=0.2500 | state=FLAT awaiting=None entry=None
    时间窗口: 15.0m | 采样点数: 27
    窗口跌幅: 当前 0.00% / 最大 0.00% / 阈值 0.10%
    窗口价格: 高 0.9050 / 低 0.9050
[PX] bid=0.9000 ask=0.9100 last=0.6600 | state=FLAT awaiting=None entry=None
    时间窗口: 15.0m | 采样点数: 30
    窗口跌幅: 当前 0.00% / 最大 0.00% / 阈值 0.10%
    窗口价格: 高 0.9050 / 低 0.9050
[PX] bid=0.9000 ask=0.9100 last=0.2500 | state=FLAT awaiting=None entry=None
    时间窗口: 15.0m | 采样点数: 30
    窗口跌幅: 当前 0.00% / 最大 0.00% / 阈值 0.10%
    窗口价格: 高 0.9050 / 低 0.9050
[PX] bid=0.9000 ask=0.9100 last=0.2500 | state=FLAT awaiting=None entry=None
    时间窗口: 15.0m | 采样点数: 30
    窗口跌幅: 当前 0.00% / 最大 0.00% / 阈值 0.10%
    窗口价格: 高 0.9050 / 低 0.9050
[DEBUG] 共享WS: seq=255, ts=1768915925.371, bid=0.9, ask=0.91, price=0.25
[PX] bid=0.9000 ask=0.9100 last=0.2400 | state=FLAT awaiting=None entry=None
    时间窗口: 15.0m | 采样点数: 32
    窗口跌幅: 当前 0.00% / 最大 0.00% / 阈值 0.10%
    窗口价格: 高 0.9050 / 低 0.9050
[PX] bid=0.9000 ask=0.9100 last=0.8600 | state=FLAT awaiting=None entry=None
    时间窗口: 15.0m | 采样点数: 32
    窗口跌幅: 当前 0.00% / 最大 0.00% / 阈值 0.10%
    窗口价格: 高 0.9050 / 低 0.9050
[PX] bid=0.9000 ask=0.9100 last=0.2500 | state=FLAT awaiting=None entry=None
    时间窗口: 15.0m | 采样点数: 34
    窗口跌幅: 当前 0.00% / 最大 0.00% / 阈值 0.10%
    窗口价格: 高 0.9050 / 低 0.9050
[PX] bid=0.9000 ask=0.9100 last=0.2500 | state=FLAT awaiting=None entry=None
    时间窗口: 15.0m | 采样点数: 34
    窗口跌幅: 当前 0.00% / 最大 0.00% / 阈值 0.10%
    窗口价格: 高 0.9050 / 低 0.9050
[PX] bid=0.9000 ask=0.9100 last=0.2400 | state=FLAT awaiting=None entry=None
    时间窗口: 15.0m | 采样点数: 31
    窗口跌幅: 当前 0.00% / 最大 0.00% / 阈值 0.10%
    窗口价格: 高 0.9050 / 低 0.9050
[DEBUG] 共享WS: seq=269, ts=1768916234.919, bid=0.9, ask=0.91, price=0.9
[PX] bid=0.9000 ask=0.9100 last=0.9000 | state=FLAT awaiting=None entry=None
    时间窗口: 15.0m | 采样点数: 29
    窗口跌幅: 当前 0.00% / 最大 0.00% / 阈值 0.10%
    窗口价格: 高 0.9050 / 低 0.9050
[PX] bid=0.9000 ask=0.9100 last=0.9000 | state=FLAT awaiting=None entry=None
    时间窗口: 15.0m | 采样点数: 29
    窗口跌幅: 当前 0.00% / 最大 0.00% / 阈值 0.10%
    窗口价格: 高 0.9050 / 低 0.9050
[PX] bid=0.9000 ask=0.9100 last=0.9000 | state=FLAT awaiting=None entry=None
    时间窗口: 15.0m | 采样点数: 28
    窗口跌幅: 当前 0.00% / 最大 0.00% / 阈值 0.10%
    窗口价格: 高 0.9050 / 低 0.9050
[PX] bid=0.9000 ask=0.9100 last=0.2500 | state=FLAT awaiting=None entry=None
    时间窗口: 15.0m | 采样点数: 25
    窗口跌幅: 当前 0.00% / 最大 0.00% / 阈值 0.10%
    窗口价格: 高 0.9050 / 低 0.9050
[PX] bid=0.9000 ask=0.9100 last=0.9000 | state=FLAT awaiting=None entry=None
    时间窗口: 15.0m | 采样点数: 26
    窗口跌幅: 当前 0.00% / 最大 0.00% / 阈值 0.10%
    窗口价格: 高 0.9050 / 低 0.9050
[PX] bid=0.9000 ask=0.9100 last=0.2400 | state=FLAT awaiting=None entry=None
    时间窗口: 15.0m | 采样点数: 27
    窗口跌幅: 当前 0.00% / 最大 0.00% / 阈值 0.10%
    窗口价格: 高 0.9050 / 低 0.9050
[DEBUG] 共享WS: seq=276, ts=1768916596.354, bid=0.9, ask=0.91, price=0.26
[PX] bid=0.9000 ask=0.9100 last=0.3400 | state=FLAT awaiting=None entry=None
    时间窗口: 15.0m | 采样点数: 28
    窗口跌幅: 当前 0.00% / 最大 0.00% / 阈值 0.10%
    窗口价格: 高 0.9050 / 低 0.9050
[PX] bid=0.9000 ask=0.9100 last=0.2400 | state=FLAT awaiting=None entry=None
    时间窗口: 15.0m | 采样点数: 26
    窗口跌幅: 当前 0.00% / 最大 0.00% / 阈值 0.10%
    窗口价格: 高 0.9050 / 低 0.9050
[PX] bid=0.9000 ask=0.9100 last=0.2500 | state=FLAT awaiting=None entry=None
    时间窗口: 15.0m | 采样点数: 25
    窗口跌幅: 当前 0.00% / 最大 0.00% / 阈值 0.10%
    窗口价格: 高 0.9050 / 低 0.9050
[PX] bid=0.9000 ask=0.9100 last=0.2400 | state=FLAT awaiting=None entry=None
    时间窗口: 15.0m | 采样点数: 25
    窗口跌幅: 当前 0.00% / 最大 0.00% / 阈值 0.10%
    窗口价格: 高 0.9050 / 低 0.9050
[PX] bid=0.9000 ask=0.9100 last=0.6600 | state=FLAT awaiting=None entry=None
    时间窗口: 15.0m | 采样点数: 27
    窗口跌幅: 当前 0.00% / 最大 0.00% / 阈值 0.10%
    窗口价格: 高 0.9050 / 低 0.9050
[PX] bid=0.9000 ask=0.9100 last=0.9900 | state=FLAT awaiting=None entry=None
    时间窗口: 15.0m | 采样点数: 23
    窗口跌幅: 当前 0.00% / 最大 0.00% / 阈值 0.10%
    窗口价格: 高 0.9050 / 低 0.9050
[DEBUG] 共享WS: seq=298, ts=1768916929.851, bid=0.9, ask=0.91, price=0.9
[PX] bid=0.9000 ask=0.9100 last=0.9000 | state=FLAT awaiting=None entry=None
    时间窗口: 15.0m | 采样点数: 27
    窗口跌幅: 当前 0.00% / 最大 0.00% / 阈值 0.10%
    窗口价格: 高 0.9050 / 低 0.9050
[PX] bid=0.9000 ask=0.9100 last=0.2200 | state=FLAT awaiting=None entry=None
    时间窗口: 15.0m | 采样点数: 27
