[CONFIG] 使用配置文件: /home/trader/polymarket_api/POLYMARKET_MAKER_copytrade_v2/POLYMARKET_MAKER_AUTO/data/run_params_37975265083682450969967223199653164268542375291978582835346444673615244164455.json
[INIT] API 凭证已验证。
[INIT] ClobClient 就绪。
[INFO] 未提供 market_url，尝试通过 token_id 获取市场元数据。
[INFO] 市场/子问题标题: Khamenei out as Supreme Leader of Iran by February 28?
[INFO] 使用 token_id: 37975265083682450969967223199653164268542375291978582835346444673615244164455
[INFO] 市场标注时区: America/New_York
[INFO] 市场计划截止时间 (UTC): 2026-02-28T00:00:00+00:00
[WARN] 自动获取的截止日期缺少具体时刻，已按默认配置设置截止时间为 2026-02-28T23:59:00-05:00 (America/New_York)。
[INFO] 监控目标结束时间 (UTC): 2026-03-01T04:59:00+00:00
[INFO] 未能识别市场价格精度，默认按盈利百分比下限 0.300% 执行。
[INIT] 目标 token_id: 37975265083682450969967223199653164268542375291978582835346444673615244164455
[INIT] 已读取手动份数 10.0，模式：总持仓目标。
[INIT] 卖出挂单模式：aggressive
[INIT] 卖出后递增买入阈值已启用，步长 0.0200%。
[INIT] 价格停滞监控窗口 120.0 分钟，阈值 0.2000%。
[INIT] 启动后无行情自动退出阈值 10.0 分钟。
[INIT] 卖出挂单空窗释放阈值 6.0 小时。
[INFO] 倒计时卖出模式将在市场结束前 300 分钟开启。
[WS][SHARED] ✓ 将使用共享 WS 缓存模式
[WS][SHARED] 缓存路径: /home/trader/polymarket_api/POLYMARKET_MAKER_copytrade_v2/POLYMARKET_MAKER_AUTO/data/ws_cache.json
[WS][SHARED] ✓ 缓存文件新鲜（2秒前更新）
[RUN] 监听行情中… 输入 stop / exit 可手动停止。
[WS][SHARED] ✗ 缓存中未找到 token 37975265083682450969967223199653164268542375291978582835346444673615244164455 的数据
[WS][SHARED] 缓存中的 tokens: ['13294549611854156060952327202052855585194847446707854951585060180328600525494', '11631590502751337995086584451805403545770829549632613492416833230270784409909', '16206267440377108972343351482425564384973031696941663558076310969498822538172', '97278843093518170983116788293559302501059038797143772070255096806379425818363']...
[WAIT][SHARED] 尚未收到行情，继续等待… | ws=init age=5s
[WAIT][SHARED] 尚未收到行情，继续等待… | ws=init age=10s
[WAIT][SHARED] 尚未收到行情，继续等待… | ws=init age=15s
[WAIT][SHARED] 尚未收到行情，继续等待… | ws=init age=20s
[WAIT][SHARED] 尚未收到行情，继续等待… | ws=init age=25s
[WAIT][SHARED] 尚未收到行情，继续等待… | ws=init age=30s
[INFO] 共享WS缓存文件已就绪
[WS][SHARED][DEBUG] 读取统计: read=1, skip=0, 当前seq=2 (last=0), updated_at=1768956218.69 (last=0.00)
[WS][SHARED] 开始从共享缓存读取数据 (token=37975265083682450969967223199653164268542375291978582835346444673615244164455)
[WS][SHARED] seq=2, updates=1 (2.0/min), bid=0.82, ask=0.83, price=0.86
