[CONFIG] 使用配置文件: /home/trader/polymarket_api/POLYMARKET_MAKER_copytrade_v2/POLYMARKET_MAKER_AUTO/data/run_params_19323538724182223051629422172260586604632454119828774685084899285092343775100.json
[INIT] API 凭证已验证。
[INIT] ClobClient 就绪。
[INFO] 未提供 market_url，尝试通过 token_id 获取市场元数据。
[INFO] 市场/子问题标题: Will US or Israel strike Iran by February 15, 2026?
[INFO] 使用 token_id: 19323538724182223051629422172260586604632454119828774685084899285092343775100
[INFO] 市场标注时区: America/New_York
[INFO] 市场计划截止时间 (UTC): 2026-02-15T00:00:00+00:00
[WARN] 自动获取的截止日期缺少具体时刻，已按默认配置设置截止时间为 2026-02-15T23:59:00-05:00 (America/New_York)。
[INFO] 监控目标结束时间 (UTC): 2026-02-16T04:59:00+00:00
[INFO] 未能识别市场价格精度，默认按盈利百分比下限 0.300% 执行。
[INIT] 目标 token_id: 19323538724182223051629422172260586604632454119828774685084899285092343775100
[INIT] 已读取手动份数 10.0，模式：总持仓目标。
[INIT] 卖出挂单模式：aggressive
[INIT] 卖出后递增买入阈值已启用，步长 0.0200%。
[INIT] 价格停滞监控窗口 120.0 分钟，阈值 0.2000%。
[INIT] 启动后无行情自动退出阈值 10.0 分钟。
[INIT] 卖出挂单空窗释放阈值 6.0 小时。
[INFO] 倒计时卖出模式将在市场结束前 300 分钟开启。
[WS] 使用共享 WS 模式，缓存路径: /home/trader/polymarket_api/POLYMARKET_MAKER_copytrade_v2/POLYMARKET_MAKER_AUTO/data/ws_cache.json
[RUN] 监听行情中… 输入 stop / exit 可手动停止。
[WAIT] 尚未收到行情，继续等待… | ws=init age=5s
[WAIT] 尚未收到行情，继续等待… | ws=init age=10s
[WAIT] 尚未收到行情，继续等待… | ws=init age=15s
[WAIT] 尚未收到行情，继续等待… | ws=init age=20s
[INFO] 共享WS缓存文件已就绪
[DEBUG] 共享WS: seq=6, ts=1768949117.809, bid=0.66, ask=0.68, price=0.98
