[CONFIG] 使用配置文件: /home/trader/polymarket_api/POLYMARKET_MAKER_copytrade_v2/POLYMARKET_MAKER_AUTO/data/run_params_16206267440377108972343351482425564384973031696941663558076310969498822538172.json
[INIT] API 凭证已验证。
[INIT] ClobClient 就绪。
[INFO] 未提供 market_url，尝试通过 token_id 获取市场元数据。
[INFO] 市场/子问题标题: Will Trump nominate Rick Rieder as the next Fed chair?
[INFO] 使用 token_id: 16206267440377108972343351482425564384973031696941663558076310969498822538172
[INFO] 市场标注时区: America/New_York
[INFO] 市场计划截止时间 (UTC): 2026-12-31T00:00:00+00:00
[WARN] 自动获取的截止日期缺少具体时刻，已按默认配置设置截止时间为 2026-12-31T23:59:00-05:00 (America/New_York)。
[INFO] 监控目标结束时间 (UTC): 2027-01-01T04:59:00+00:00
[INFO] 未能识别市场价格精度，默认按盈利百分比下限 0.300% 执行。
[INIT] 目标 token_id: 16206267440377108972343351482425564384973031696941663558076310969498822538172
[INIT] 已读取手动份数 10.0，模式：总持仓目标。
[INIT] 卖出挂单模式：aggressive
[INIT] 卖出后递增买入阈值已启用，步长 0.0200%。
[INIT] 价格停滞监控窗口 120.0 分钟，阈值 0.2000%。
[INIT] 启动后无行情自动退出阈值 10.0 分钟。
[INIT] 卖出挂单空窗释放阈值 6.0 小时。
[INFO] 倒计时卖出模式将在市场结束前 300 分钟开启。
[WS][SHARED] ✓ 将使用共享 WS 缓存模式
[WS][SHARED] 缓存路径: /home/trader/polymarket_api/POLYMARKET_MAKER_copytrade_v2/POLYMARKET_MAKER_AUTO/data/ws_cache.json
[WS][SHARED] ✓ 缓存文件新鲜（1秒前更新）
[RUN] 监听行情中… 输入 stop / exit 可手动停止。
[WS][SHARED] ✗ 缓存中未找到 token 16206267440377108972343351482425564384973031696941663558076310969498822538172 的数据
[WS][SHARED] 缓存中的 tokens: ['13294549611854156060952327202052855585194847446707854951585060180328600525494', '11631590502751337995086584451805403545770829549632613492416833230270784409909']...
[WAIT][SHARED] 尚未收到行情，继续等待… | ws=init age=5s
[INFO] 共享WS缓存文件已就绪
[WS][SHARED][DEBUG] 读取统计: read=1, skip=0, 当前seq=3 (last=0), updated_at=1768956160.91 (last=0.00)
[WS][SHARED] 开始从共享缓存读取数据 (token=16206267440377108972343351482425564384973031696941663558076310969498822538172)
[WS][SHARED] seq=3, updates=1 (2.0/min), bid=0.25, ask=0.251, price=0.253
[PX] bid=0.2500 ask=0.2510 last=0.2530 | state=FLAT awaiting=None entry=None
    时间窗口: 15.0m | 采样点数: 1
    窗口跌幅: 当前 0.00% / 最大 0.00% / 阈值 0.10%
    窗口价格: 高 0.2505 / 低 0.2505
[WS][SHARED][DEBUG] 读取统计: read=3, skip=1, 当前seq=19 (last=3), updated_at=1768956167.92 (last=1768956160.91)
[WS][SHARED][DEBUG] 读取统计: read=13, skip=7, 当前seq=23 (last=23), updated_at=1768956179.81 (last=1768956179.81)
[WS][SHARED][DEBUG] 读取统计: read=23, skip=15, 当前seq=28 (last=28), updated_at=1768956188.93 (last=1768956188.93)
[WS][SHARED] seq=30, updates=7 (12.6/min), bid=0.25, ask=0.251, price=0.26
[WS][SHARED][DEBUG] 读取统计: read=33, skip=22, 当前seq=36 (last=36), updated_at=1768956197.97 (last=1768956197.97)
[WS][SHARED][DEBUG] 读取统计: read=43, skip=27, 当前seq=58 (last=58), updated_at=1768956210.09 (last=1768956210.09)
[PX] bid=0.2500 ask=0.2510 last=0.2700 | state=FLAT awaiting=None entry=None
    时间窗口: 15.0m | 采样点数: 18
    窗口跌幅: 当前 0.00% / 最大 0.00% / 阈值 0.10%
    窗口价格: 高 0.2505 / 低 0.2505
[WS][SHARED][DEBUG] 读取统计: read=53, skip=34, 当前seq=80 (last=66), updated_at=1768956231.48 (last=1768956216.13)
[WS][SHARED] seq=80, updates=11 (17.4/min), bid=0.25, ask=0.251, price=0.26
[WS][SHARED][DEBUG] 读取统计: read=63, skip=40, 当前seq=94 (last=94), updated_at=1768956240.93 (last=1768956240.93)
[WS][SHARED][DEBUG] 读取统计: read=73, skip=46, 当前seq=110 (last=108), updated_at=1768956251.19 (last=1768956251.12)
[WS][SHARED][DEBUG] 读取统计: read=83, skip=48, 当前seq=152 (last=150), updated_at=1768956261.57 (last=1768956260.42)
[WS][SHARED] seq=152, updates=16 (32.0/min), bid=0.25, ask=0.251, price=0.27
[WS][SHARED][DEBUG] 读取统计: read=93, skip=55, 当前seq=158 (last=158), updated_at=1768956268.62 (last=1768956268.62)
[WS][SHARED][DEBUG] 读取统计: read=103, skip=61, 当前seq=176 (last=176), updated_at=1768956280.07 (last=1768956280.07)
[PX] bid=0.2500 ask=0.2510 last=0.2790 | state=FLAT awaiting=None entry=None
    时间窗口: 15.0m | 采样点数: 41
    窗口跌幅: 当前 0.00% / 最大 0.00% / 阈值 0.10%
    窗口价格: 高 0.2505 / 低 0.2505
[WS][SHARED][DEBUG] 读取统计: read=104, skip=62, 当前seq=192 (last=176), updated_at=1768956291.99 (last=1768956280.07)
[WS][SHARED] seq=192, updates=7 (13.6/min), bid=0.25, ask=0.251, price=0.27
[WS][SHARED][DEBUG] 读取统计: read=114, skip=67, 当前seq=210 (last=210), updated_at=1768956300.97 (last=1768956300.97)
[WS][SHARED][DEBUG] 读取统计: read=124, skip=72, 当前seq=240 (last=238), updated_at=1768956313.13 (last=1768956308.40)
[WS][SHARED][DEBUG] 读取统计: read=134, skip=77, 当前seq=252 (last=252), updated_at=1768956319.48 (last=1768956319.48)
[WS][SHARED] seq=254, updates=15 (28.1/min), bid=0.25, ask=0.251, price=0.27
[WS][SHARED][DEBUG] 读取统计: read=144, skip=83, 当前seq=264 (last=264), updated_at=1768956331.31 (last=1768956331.31)
[WS][SHARED][DEBUG] 读取统计: read=154, skip=90, 当前seq=280 (last=272), updated_at=1768956342.92 (last=1768956337.40)
[PX] bid=0.2500 ask=0.2510 last=0.2700 | state=FLAT awaiting=None entry=None
    时间窗口: 15.0m | 采样点数: 64
    窗口跌幅: 当前 0.00% / 最大 0.00% / 阈值 0.10%
    窗口价格: 高 0.2505 / 低 0.2505
[WS][SHARED][DEBUG] 读取统计: read=155, skip=90, 当前seq=288 (last=280), updated_at=1768956349.37 (last=1768956342.92)
[WS][SHARED] seq=292, updates=10 (19.4/min), bid=0.25, ask=0.251, price=0.26
[WS][SHARED][DEBUG] 读取统计: read=165, skip=95, 当前seq=296 (last=296), updated_at=1768956361.46 (last=1768956361.46)
[WS][SHARED][DEBUG] 读取统计: read=175, skip=103, 当前seq=304 (last=302), updated_at=1768956372.44 (last=1768956367.58)
[WS][SHARED][DEBUG] 读取统计: read=185, skip=108, 当前seq=320 (last=317), updated_at=1768956382.68 (last=1768956382.22)
[WS][SHARED] seq=322, updates=11 (21.3/min), bid=0.25, ask=0.251, price=0.27
[WS][SHARED][DEBUG] 读取统计: read=195, skip=112, 当前seq=408 (last=406), updated_at=1768956392.30 (last=1768956391.69)
[WS][SHARED][DEBUG] 读取统计: read=205, skip=118, 当前seq=416 (last=416), updated_at=1768956401.71 (last=1768956401.71)
[PX] bid=0.2500 ask=0.2510 last=0.2600 | state=FLAT awaiting=None entry=None
    时间窗口: 15.0m | 采样点数: 86
    窗口跌幅: 当前 0.00% / 最大 0.00% / 阈值 0.10%
    窗口价格: 高 0.2505 / 低 0.2505
[WS][SHARED][DEBUG] 读取统计: read=206, skip=119, 当前seq=428 (last=416), updated_at=1768956411.66 (last=1768956401.71)
[WS][SHARED] seq=432, updates=11 (20.1/min), bid=0.25, ask=0.251, price=0.27
[WS][SHARED][DEBUG] 读取统计: read=216, skip=123, 当前seq=452 (last=452), updated_at=1768956422.12 (last=1768956422.12)
[WS][SHARED][DEBUG] 读取统计: read=226, skip=127, 当前seq=495 (last=492), updated_at=1768956434.28 (last=1768956433.23)
[WS][SHARED][DEBUG] 读取统计: read=236, skip=128, 当前seq=538 (last=534), updated_at=1768956443.92 (last=1768956442.85)
[WS][SHARED] seq=555, updates=23 (41.8/min), bid=0.25, ask=0.251, price=0.27
[WS][SHARED][DEBUG] 读取统计: read=246, skip=132, 当前seq=564 (last=562), updated_at=1768956454.08 (last=1768956452.96)
[WS][SHARED][DEBUG] 读取统计: read=256, skip=137, 当前seq=590 (last=590), updated_at=1768956458.63 (last=1768956458.63)
[PX] bid=0.2500 ask=0.2510 last=0.2700 | state=FLAT awaiting=None entry=None
    时间窗口: 15.0m | 采样点数: 118
    窗口跌幅: 当前 0.00% / 最大 0.00% / 阈值 0.10%
    窗口价格: 高 0.2505 / 低 0.2505
[WS][SHARED][DEBUG] 读取统计: read=257, skip=138, 当前seq=603 (last=590), updated_at=1768956475.13 (last=1768956458.63)
[WS][SHARED] seq=619, updates=12 (23.3/min), bid=0.25, ask=0.251, price=0.27
[WS][SHARED][DEBUG] 读取统计: read=267, skip=141, 当前seq=622 (last=621), updated_at=1768956484.90 (last=1768956484.33)
[WS][SHARED][DEBUG] 读取统计: read=277, skip=147, 当前seq=632 (last=628), updated_at=1768956494.73 (last=1768956493.90)
[WS][SHARED][DEBUG] 读取统计: read=287, skip=153, 当前seq=638 (last=638), updated_at=1768956503.99 (last=1768956503.99)
[WS][SHARED] seq=648, updates=13 (26.0/min), bid=0.25, ask=0.251, price=0.27
[WS][SHARED][DEBUG] 读取统计: read=297, skip=159, 当前seq=648 (last=648), updated_at=1768956513.00 (last=1768956513.00)
[WS][SHARED][DEBUG] 读取统计: read=307, skip=165, 当前seq=668 (last=666), updated_at=1768956525.15 (last=1768956522.87)
[PX] bid=0.2500 ask=0.2510 last=0.2700 | state=FLAT awaiting=None entry=None
    时间窗口: 15.0m | 采样点数: 142
    窗口跌幅: 当前 0.00% / 最大 0.00% / 阈值 0.10%
    窗口价格: 高 0.2505 / 低 0.2505
[WS][SHARED][DEBUG] 读取统计: read=308, skip=165, 当前seq=674 (last=668), updated_at=1768956531.13 (last=1768956525.15)
[WS][SHARED][DEBUG] 读取统计: read=318, skip=169, 当前seq=700 (last=698), updated_at=1768956546.32 (last=1768956541.48)
[WS][SHARED] seq=700, updates=12 (21.7/min), bid=0.25, ask=0.251, price=0.27
[WS][SHARED][DEBUG] 读取统计: read=328, skip=174, 当前seq=712 (last=712), updated_at=1768956555.42 (last=1768956555.42)
[WS][SHARED][DEBUG] 读取统计: read=338, skip=181, 当前seq=720 (last=720), updated_at=1768956561.51 (last=1768956561.51)
[WS][SHARED][DEBUG] 读取统计: read=348, skip=187, 当前seq=741 (last=738), updated_at=1768956576.37 (last=1768956574.88)
[WS][SHARED] seq=741, updates=12 (24.0/min), bid=0.25, ask=0.251, price=0.26
[PX] bid=0.2500 ask=0.2510 last=0.2600 | state=FLAT awaiting=None entry=None
    时间窗口: 15.0m | 采样点数: 164
    窗口跌幅: 当前 0.00% / 最大 0.00% / 阈值 0.10%
    窗口价格: 高 0.2505 / 低 0.2505
[WS][SHARED][DEBUG] 读取统计: read=358, skip=193, 当前seq=768 (last=750), updated_at=1768956594.49 (last=1768956585.07)
[WS][SHARED][DEBUG] 读取统计: read=368, skip=197, 当前seq=784 (last=784), updated_at=1768956605.24 (last=1768956605.24)
[WS][SHARED] seq=785, updates=10 (19.3/min), bid=0.25, ask=0.251, price=0.27
